[0.024s] Invoking command in '/home/jh0933/kdta_ws/build/simple_pkg_cpp': CMAKE_PREFIX_PATH=/opt/ros/humble /usr/bin/cmake --build /home/jh0933/kdta_ws/build/simple_pkg_cpp -- -j4 -l4
[0.152s] [35m[1mConsolidate compiler generated dependencies of target helloworld[0m
[0.184s] [ 50%] [32mBuilding CXX object CMakeFiles/helloworld.dir/src/helloworld.cpp.o[0m
[0.831s] [100%] [32m[1mLinking CXX executable helloworld[0m
[1.085s] [100%] Built target helloworld
[1.144s] Invoked command in '/home/jh0933/kdta_ws/build/simple_pkg_cpp' returned '0': CMAKE_PREFIX_PATH=/opt/ros/humble /usr/bin/cmake --build /home/jh0933/kdta_ws/build/simple_pkg_cpp -- -j4 -l4
[1.287s] Invoking command in '/home/jh0933/kdta_ws/build/simple_pkg_cpp': CMAKE_PREFIX_PATH=/opt/ros/humble /usr/bin/cmake --install /home/jh0933/kdta_ws/build/simple_pkg_cpp
[1.317s] -- Install configuration: ""
[1.318s] -- Execute custom install script
[1.318s] -- Up-to-date symlink: /home/jh0933/kdta_ws/install/simple_pkg_cpp/lib/simple_pkg_cpp/helloworld
[1.318s] -- Up-to-date symlink: /home/jh0933/kdta_ws/install/simple_pkg_cpp/share/ament_index/resource_index/package_run_dependencies/simple_pkg_cpp
[1.318s] -- Up-to-date symlink: /home/jh0933/kdta_ws/install/simple_pkg_cpp/share/ament_index/resource_index/parent_prefix_path/simple_pkg_cpp
[1.318s] -- Up-to-date symlink: /home/jh0933/kdta_ws/install/simple_pkg_cpp/share/simple_pkg_cpp/environment/ament_prefix_path.sh
[1.319s] -- Up-to-date symlink: /home/jh0933/kdta_ws/install/simple_pkg_cpp/share/simple_pkg_cpp/environment/ament_prefix_path.dsv
[1.319s] -- Up-to-date symlink: /home/jh0933/kdta_ws/install/simple_pkg_cpp/share/simple_pkg_cpp/environment/path.sh
[1.319s] -- Up-to-date symlink: /home/jh0933/kdta_ws/install/simple_pkg_cpp/share/simple_pkg_cpp/environment/path.dsv
[1.319s] -- Up-to-date symlink: /home/jh0933/kdta_ws/install/simple_pkg_cpp/share/simple_pkg_cpp/local_setup.bash
[1.319s] -- Up-to-date symlink: /home/jh0933/kdta_ws/install/simple_pkg_cpp/share/simple_pkg_cpp/local_setup.sh
[1.319s] -- Up-to-date symlink: /home/jh0933/kdta_ws/install/simple_pkg_cpp/share/simple_pkg_cpp/local_setup.zsh
[1.320s] -- Up-to-date symlink: /home/jh0933/kdta_ws/install/simple_pkg_cpp/share/simple_pkg_cpp/local_setup.dsv
[1.320s] -- Symlinking: /home/jh0933/kdta_ws/install/simple_pkg_cpp/share/simple_pkg_cpp/package.dsv
[1.344s] -- Up-to-date symlink: /home/jh0933/kdta_ws/install/simple_pkg_cpp/share/ament_index/resource_index/packages/simple_pkg_cpp
[1.345s] -- Up-to-date symlink: /home/jh0933/kdta_ws/install/simple_pkg_cpp/share/simple_pkg_cpp/cmake/simple_pkg_cppConfig.cmake
[1.345s] -- Up-to-date symlink: /home/jh0933/kdta_ws/install/simple_pkg_cpp/share/simple_pkg_cpp/cmake/simple_pkg_cppConfig-version.cmake
[1.345s] -- Up-to-date symlink: /home/jh0933/kdta_ws/install/simple_pkg_cpp/share/simple_pkg_cpp/package.xml
[1.352s] Invoked command in '/home/jh0933/kdta_ws/build/simple_pkg_cpp' returned '0': CMAKE_PREFIX_PATH=/opt/ros/humble /usr/bin/cmake --install /home/jh0933/kdta_ws/build/simple_pkg_cpp
