[0.043s] Invoking command in '/home/jh0933/kdta_ws/build/simple_pkg_cpp': CMAKE_PREFIX_PATH=/opt/ros/humble /usr/bin/cmake --build /home/jh0933/kdta_ws/build/simple_pkg_cpp -- -j4 -l4
[0.182s] [35m[1mConsolidate compiler generated dependencies of target helloworld[0m
[0.238s] [100%] Built target helloworld
[0.275s] Invoked command in '/home/jh0933/kdta_ws/build/simple_pkg_cpp' returned '0': CMAKE_PREFIX_PATH=/opt/ros/humble /usr/bin/cmake --build /home/jh0933/kdta_ws/build/simple_pkg_cpp -- -j4 -l4
[0.410s] Invoking command in '/home/jh0933/kdta_ws/build/simple_pkg_cpp': CMAKE_PREFIX_PATH=/opt/ros/humble /usr/bin/cmake --install /home/jh0933/kdta_ws/build/simple_pkg_cpp
[0.440s] -- Install configuration: ""
[0.441s] -- Execute custom install script
[0.443s] -- Up-to-date symlink: /home/jh0933/kdta_ws/install/simple_pkg_cpp/lib/simple_pkg_cpp/helloworld
[0.444s] -- Up-to-date symlink: /home/jh0933/kdta_ws/install/simple_pkg_cpp/share/ament_index/resource_index/package_run_dependencies/simple_pkg_cpp
[0.444s] -- Up-to-date symlink: /home/jh0933/kdta_ws/install/simple_pkg_cpp/share/ament_index/resource_index/parent_prefix_path/simple_pkg_cpp
[0.445s] -- Up-to-date symlink: /home/jh0933/kdta_ws/install/simple_pkg_cpp/share/simple_pkg_cpp/environment/ament_prefix_path.sh
[0.445s] -- Up-to-date symlink: /home/jh0933/kdta_ws/install/simple_pkg_cpp/share/simple_pkg_cpp/environment/ament_prefix_path.dsv
[0.446s] -- Up-to-date symlink: /home/jh0933/kdta_ws/install/simple_pkg_cpp/share/simple_pkg_cpp/environment/path.sh
[0.446s] -- Up-to-date symlink: /home/jh0933/kdta_ws/install/simple_pkg_cpp/share/simple_pkg_cpp/environment/path.dsv
[0.446s] -- Up-to-date symlink: /home/jh0933/kdta_ws/install/simple_pkg_cpp/share/simple_pkg_cpp/local_setup.bash
[0.447s] -- Up-to-date symlink: /home/jh0933/kdta_ws/install/simple_pkg_cpp/share/simple_pkg_cpp/local_setup.sh
[0.447s] -- Up-to-date symlink: /home/jh0933/kdta_ws/install/simple_pkg_cpp/share/simple_pkg_cpp/local_setup.zsh
[0.447s] -- Up-to-date symlink: /home/jh0933/kdta_ws/install/simple_pkg_cpp/share/simple_pkg_cpp/local_setup.dsv
[0.447s] -- Symlinking: /home/jh0933/kdta_ws/install/simple_pkg_cpp/share/simple_pkg_cpp/package.dsv
[0.471s] -- Up-to-date symlink: /home/jh0933/kdta_ws/install/simple_pkg_cpp/share/ament_index/resource_index/packages/simple_pkg_cpp
[0.472s] -- Up-to-date symlink: /home/jh0933/kdta_ws/install/simple_pkg_cpp/share/simple_pkg_cpp/cmake/simple_pkg_cppConfig.cmake
[0.472s] -- Up-to-date symlink: /home/jh0933/kdta_ws/install/simple_pkg_cpp/share/simple_pkg_cpp/cmake/simple_pkg_cppConfig-version.cmake
[0.472s] -- Up-to-date symlink: /home/jh0933/kdta_ws/install/simple_pkg_cpp/share/simple_pkg_cpp/package.xml
[0.477s] Invoked command in '/home/jh0933/kdta_ws/build/simple_pkg_cpp' returned '0': CMAKE_PREFIX_PATH=/opt/ros/humble /usr/bin/cmake --install /home/jh0933/kdta_ws/build/simple_pkg_cpp
