[0.041s] Invoking command in '/home/jh0933/kdta_ws/build/simple_pkg_cpp': CMAKE_PREFIX_PATH=/opt/ros/humble /usr/bin/cmake /home/jh0933/kdta_ws/src/simple_pkg_cpp -DAMENT_CMAKE_SYMLINK_INSTALL=1 -DCMAKE_INSTALL_PREFIX=/home/jh0933/kdta_ws/install/simple_pkg_cpp
[0.087s] -- Found ament_cmake: 1.3.9 (/opt/ros/humble/share/ament_cmake/cmake)
[0.597s] -- Override CMake install command with custom implementation using symlinks instead of copying resources
[0.633s] -- Found rclcpp: 16.0.9 (/opt/ros/humble/share/rclcpp/cmake)
[0.712s] -- Found rosidl_generator_c: 3.1.5 (/opt/ros/humble/share/rosidl_generator_c/cmake)
[0.721s] -- Found rosidl_adapter: 3.1.5 (/opt/ros/humble/share/rosidl_adapter/cmake)
[0.736s] -- Found rosidl_generator_cpp: 3.1.5 (/opt/ros/humble/share/rosidl_generator_cpp/cmake)
[0.766s] -- Using all available rosidl_typesupport_c: rosidl_typesupport_fastrtps_c;rosidl_typesupport_introspection_c
[0.809s] -- Using all available rosidl_typesupport_cpp: rosidl_typesupport_fastrtps_cpp;rosidl_typesupport_introspection_cpp
[0.973s] -- Found rmw_implementation_cmake: 6.1.2 (/opt/ros/humble/share/rmw_implementation_cmake/cmake)
[0.974s] -- Found rmw_fastrtps_cpp: 6.2.6 (/opt/ros/humble/share/rmw_fastrtps_cpp/cmake)
[1.278s] -- Using RMW implementation 'rmw_fastrtps_cpp' as default
[1.715s] -- Found ament_lint_auto: 0.12.11 (/opt/ros/humble/share/ament_lint_auto/cmake)
[2.039s] -- Added test 'cppcheck' to perform static code analysis on C / C++ code
[2.039s] -- Configured cppcheck include dirs: 
[2.039s] -- Configured cppcheck exclude dirs and/or files: 
[2.042s] -- Added test 'lint_cmake' to check CMake code style
[2.051s] -- Added test 'uncrustify' to check C / C++ code style
[2.051s] -- Configured uncrustify additional arguments: 
[2.053s] -- Added test 'xmllint' to check XML markup files
[2.058s] -- Configuring done
[2.081s] -- Generating done
[2.081s] -- Build files have been written to: /home/jh0933/kdta_ws/build/simple_pkg_cpp
[2.098s] Invoked command in '/home/jh0933/kdta_ws/build/simple_pkg_cpp' returned '0': CMAKE_PREFIX_PATH=/opt/ros/humble /usr/bin/cmake /home/jh0933/kdta_ws/src/simple_pkg_cpp -DAMENT_CMAKE_SYMLINK_INSTALL=1 -DCMAKE_INSTALL_PREFIX=/home/jh0933/kdta_ws/install/simple_pkg_cpp
[2.102s] Invoking command in '/home/jh0933/kdta_ws/build/simple_pkg_cpp': CMAKE_PREFIX_PATH=/opt/ros/humble /usr/bin/cmake --build /home/jh0933/kdta_ws/build/simple_pkg_cpp -- -j4 -l4
[2.275s] [ 50%] [32mBuilding CXX object CMakeFiles/helloworld.dir/src/helloworld.cpp.o[0m
[3.181s] [01m[K/home/jh0933/kdta_ws/src/simple_pkg_cpp/src/helloworld.cpp:7:35:[m[K [01;31m[Kerror: [m[Kexpected ‘[01m[K][m[K’ before ‘[01m[K;[m[K’ token
[3.181s]     7 |     cout << "Hello, world" << endl[01;31m[K;[m[K
[3.181s]       |                                   [01;31m[K^[m[K
[3.181s]       |                                   [32m[K][m[K
[3.181s] [01m[K/home/jh0933/kdta_ws/src/simple_pkg_cpp/src/helloworld.cpp:9:5:[m[K [01;31m[Kerror: [m[Kexpected unqualified-id before ‘[01m[Kreturn[m[K’
[3.183s]     9 |     [01;31m[Kreturn[m[K 0;
[3.183s]       |     [01;31m[K^~~~~~[m[K
[3.183s] [01m[K/home/jh0933/kdta_ws/src/simple_pkg_cpp/src/helloworld.cpp:10:1:[m[K [01;31m[Kerror: [m[Kexpected unqualified-id before ‘[01m[K][m[K’ token
[3.183s]    10 | [01;31m[K][m[K
[3.184s]       | [01;31m[K^[m[K
[3.322s] gmake[2]: *** [CMakeFiles/helloworld.dir/build.make:76: CMakeFiles/helloworld.dir/src/helloworld.cpp.o] 오류 1
[3.323s] gmake[1]: *** [CMakeFiles/Makefile2:137: CMakeFiles/helloworld.dir/all] 오류 2
[3.323s] gmake: *** [Makefile:146: all] 오류 2
[3.331s] Invoked command in '/home/jh0933/kdta_ws/build/simple_pkg_cpp' returned '2': CMAKE_PREFIX_PATH=/opt/ros/humble /usr/bin/cmake --build /home/jh0933/kdta_ws/build/simple_pkg_cpp -- -j4 -l4
