[0.012s] Invoking command in '/home/jh0933/kdta_ws/build/simple_pkg_cpp': /usr/bin/cmake /home/jh0933/kdta_ws/src/simple_pkg_cpp -DCMAKE_INSTALL_PREFIX=/home/jh0933/kdta_ws/install/simple_pkg_cpp
[0.057s] -- Found ament_cmake: 1.3.9 (/opt/ros/humble/share/ament_cmake/cmake)
[0.460s] -- Found rclcpp: 16.0.9 (/opt/ros/humble/share/rclcpp/cmake)
[0.638s] -- Found rosidl_generator_c: 3.1.5 (/opt/ros/humble/share/rosidl_generator_c/cmake)
[0.639s] -- Found rosidl_adapter: 3.1.5 (/opt/ros/humble/share/rosidl_adapter/cmake)
[0.639s] -- Found rosidl_generator_cpp: 3.1.5 (/opt/ros/humble/share/rosidl_generator_cpp/cmake)
[0.679s] -- Using all available rosidl_typesupport_c: rosidl_typesupport_fastrtps_c;rosidl_typesupport_introspection_c
[0.728s] -- Using all available rosidl_typesupport_cpp: rosidl_typesupport_fastrtps_cpp;rosidl_typesupport_introspection_cpp
[0.912s] -- Found rmw_implementation_cmake: 6.1.2 (/opt/ros/humble/share/rmw_implementation_cmake/cmake)
[0.923s] -- Found rmw_fastrtps_cpp: 6.2.6 (/opt/ros/humble/share/rmw_fastrtps_cpp/cmake)
[1.231s] -- Using RMW implementation 'rmw_fastrtps_cpp' as default
[1.636s] -- Found ament_lint_auto: 0.12.11 (/opt/ros/humble/share/ament_lint_auto/cmake)
[1.830s] Error parsing '/home/jh0933/kdta_ws/src/simple_pkg_cpp/package.xml':
[2.033s] Traceback (most recent call last):
[2.034s]   File "/opt/ros/humble/share/ament_cmake_core/cmake/core/package_xml_2_cmake.py", line 150, in <module>
[2.034s]     main()
[2.034s]   File "/opt/ros/humble/share/ament_cmake_core/cmake/core/package_xml_2_cmake.py", line 53, in main
[2.034s]     raise e
[2.034s]   File "/opt/ros/humble/share/ament_cmake_core/cmake/core/package_xml_2_cmake.py", line 49, in main
[2.034s]     package = parse_package_string(
[2.035s]   File "/usr/lib/python3/dist-packages/catkin_pkg/package.py", line 788, in parse_package_string
[2.043s]     pkg.validate(warnings=warnings)
[2.043s]   File "/usr/lib/python3/dist-packages/catkin_pkg/package.py", line 330, in validate
[2.043s]     raise InvalidPackage('\n'.join(errors), self.filename)
[2.044s] catkin_pkg.package.InvalidPackage: Error(s) in package '/home/jh0933/kdta_ws/src/simple_pkg_cpp/package.xml':
[2.044s] Invalid email "jh0933.naver.com" for person "jh0933"
[2.077s] [31mCMake Error at /opt/ros/humble/share/ament_cmake_core/cmake/core/ament_package_xml.cmake:95 (message):
[2.078s]   execute_process(/usr/bin/python3
[2.078s]   /opt/ros/humble/share/ament_cmake_core/cmake/core/package_xml_2_cmake.py
[2.078s]   /home/jh0933/kdta_ws/src/simple_pkg_cpp/package.xml
[2.078s]   /home/jh0933/kdta_ws/build/simple_pkg_cpp/ament_cmake_core/package.cmake)
[2.079s]   returned error code 1
[2.079s] Call Stack (most recent call first):
[2.079s]   /opt/ros/humble/share/ament_cmake_core/cmake/core/ament_package_xml.cmake:49 (_ament_package_xml)
[2.079s]   /opt/ros/humble/share/ament_lint_auto/cmake/ament_lint_auto_find_test_dependencies.cmake:31 (ament_package_xml)
[2.080s]   CMakeLists.txt:26 (ament_lint_auto_find_test_dependencies)
[2.080s] 
[2.080s] [0m
[2.080s] -- Configuring incomplete, errors occurred!
[2.080s] See also "/home/jh0933/kdta_ws/build/simple_pkg_cpp/CMakeFiles/CMakeOutput.log".
[2.096s] Invoked command in '/home/jh0933/kdta_ws/build/simple_pkg_cpp' returned '1': /usr/bin/cmake /home/jh0933/kdta_ws/src/simple_pkg_cpp -DCMAKE_INSTALL_PREFIX=/home/jh0933/kdta_ws/install/simple_pkg_cpp
